<?xml version="1.0" encoding="UTF-8"?>
<!-- Generated by org.testng.reporters.JUnitReportReporter -->
<testsuite hostname="AdminITs-MacBook-Pro-2.local" name="testng.FindPost" tests="20" failures="0" timestamp="5 Nov 2015 13:44:56 GMT" time="469.733" errors="0">
  <testcase name="findPost" time="32.827" classname="testng.FindPost"/>
  <testcase name="findPost" time="12.624" classname="testng.FindPost"/>
  <testcase name="findPost" time="34.019" classname="testng.FindPost"/>
  <testcase name="findPost" time="29.054" classname="testng.FindPost"/>
  <testcase name="findPost" time="17.651" classname="testng.FindPost"/>
  <testcase name="findPost" time="27.070" classname="testng.FindPost"/>
  <testcase name="findPost" time="25.083" classname="testng.FindPost"/>
  <testcase name="findPost" time="23.293" classname="testng.FindPost"/>
  <testcase name="findPost" time="12.230" classname="testng.FindPost"/>
  <testcase name="findPost" time="21.958" classname="testng.FindPost"/>
  <testcase name="findPost" time="7.227" classname="testng.FindPost"/>
  <testcase name="findPost" time="23.686" classname="testng.FindPost"/>
  <testcase name="findPost" time="9.160" classname="testng.FindPost"/>
  <testcase name="findPost" time="25.192" classname="testng.FindPost"/>
  <testcase name="findPost" time="43.219" classname="testng.FindPost"/>
  <testcase name="findPost" time="52.098" classname="testng.FindPost"/>
  <testcase name="findPost" time="16.785" classname="testng.FindPost"/>
  <testcase name="findPost" time="13.760" classname="testng.FindPost"/>
  <testcase name="findPost" time="7.445" classname="testng.FindPost"/>
  <testcase name="findPost" time="35.352" classname="testng.FindPost"/>
</testsuite> <!-- testng.FindPost -->
