<?xml version="1.0" encoding="UTF-8"?>
<!-- Generated by org.testng.reporters.JUnitReportReporter -->
<testsuite hostname="AdminITs-MacBook-Pro-2.local" name="testng.SignIn" tests="2" failures="0" timestamp="5 Nov 2015 10:13:20 GMT" time="77.598" errors="0">
  <testcase name="signIn" time="20.379" classname="testng.SignIn"/>
  <testcase name="signIn" time="57.219" classname="testng.SignIn"/>
</testsuite> <!-- testng.SignIn -->
